<?xml version="1.0" encoding="UTF-8"?>
<!-- Generated by org.testng.reporters.JUnitXMLReporter -->
<testsuite ignored="0" hostname="LAPTOP-S7GF0LFL" failures="0" tests="10" name="Surefire test" time="19.439" errors="0" timestamp="2023-07-20T12:36:38 IST">
  <testcase classname="api.test.DDTests" name="testPostuser" time="4.537"/>
  <testcase classname="api.test.DDTests" name="testPostuser" time="1.268"/>
  <testcase classname="api.test.DDTests" name="testPostuser" time="1.179"/>
  <testcase classname="api.test.DDTests" name="testDeleteUserByName" time="1.148"/>
  <testcase classname="api.test.DDTests" name="testDeleteUserByName" time="1.173"/>
  <testcase classname="api.test.DDTests" name="testDeleteUserByName" time="1.201"/>
  <testcase classname="api.test.UsersTest" name="testPostUser" time="1.282"/>
  <testcase classname="api.test.UsersTest" name="getuserByName" time="1.211"/>
  <testcase classname="api.test.UsersTest" name="testUpdateUserByName" time="2.326"/>
  <testcase classname="api.test.UsersTest" name="testDeleteUserByName" time="1.147"/>
</testsuite> <!-- Surefire test -->
