<?xml version="1.0" encoding="UTF-8"?>
<!-- Generated by org.testng.reporters.JUnitXMLReporter -->
<testsuite ignored="0" hostname="LAPTOP-S7GF0LFL" failures="0" tests="6" name="Default test" time="15.985" errors="0" timestamp="2023-07-19T22:55:30 IST">
  <testcase classname="api.test.DDTests" name="testPostuser" time="5.867"/>
  <testcase classname="api.test.DDTests" name="testPostuser" time="1.24"/>
  <testcase classname="api.test.DDTests" name="testPostuser" time="1.265"/>
  <testcase classname="api.test.DDTests" name="testDeleteUserByName" time="1.292"/>
  <testcase classname="api.test.DDTests" name="testDeleteUserByName" time="1.227"/>
  <testcase classname="api.test.DDTests" name="testDeleteUserByName" time="1.27"/>
</testsuite> <!-- Default test -->
