<?xml version="1.0" encoding="UTF-8"?>
<testng-results ignored="0" total="10" passed="10" failed="0" skipped="0">
  <reporter-output>
  </reporter-output>
  <suite started-at="2023-07-20T12:36:19 IST" name="Surefire suite" finished-at="2023-07-20T12:36:38 IST" duration-ms="19439">
    <groups>
    </groups>
    <test started-at="2023-07-20T12:36:19 IST" name="Surefire test" finished-at="2023-07-20T12:36:38 IST" duration-ms="19439">
      <class name="api.test.UsersTest">
        <test-method is-config="true" signature="setupData()[pri:0, instance:api.test.UsersTest@7a419da4]" started-at="2023-07-20T12:36:32 IST" name="setupData" finished-at="2023-07-20T12:36:32 IST" duration-ms="265" status="PASS">
          <reporter-output>
          </reporter-output>
        </test-method> <!-- setupData -->
        <test-method signature="testPostUser()[pri:1, instance:api.test.UsersTest@7a419da4]" started-at="2023-07-20T12:36:32 IST" name="testPostUser" finished-at="2023-07-20T12:36:33 IST" duration-ms="1282" status="PASS">
          <reporter-output>
          </reporter-output>
        </test-method> <!-- testPostUser -->
        <test-method signature="getuserByName()[pri:2, instance:api.test.UsersTest@7a419da4]" started-at="2023-07-20T12:36:33 IST" name="getuserByName" finished-at="2023-07-20T12:36:35 IST" duration-ms="1211" status="PASS">
          <reporter-output>
          </reporter-output>
        </test-method> <!-- getuserByName -->
        <test-method signature="testUpdateUserByName()[pri:3, instance:api.test.UsersTest@7a419da4]" started-at="2023-07-20T12:36:35 IST" name="testUpdateUserByName" finished-at="2023-07-20T12:36:37 IST" duration-ms="2326" status="PASS">
          <reporter-output>
          </reporter-output>
        </test-method> <!-- testUpdateUserByName -->
        <test-method signature="testDeleteUserByName()[pri:4, instance:api.test.UsersTest@7a419da4]" started-at="2023-07-20T12:36:37 IST" name="testDeleteUserByName" finished-at="2023-07-20T12:36:38 IST" duration-ms="1147" status="PASS">
          <reporter-output>
          </reporter-output>
        </test-method> <!-- testDeleteUserByName -->
      </class> <!-- api.test.UsersTest -->
      <class name="api.test.DDTests">
        <test-method signature="testPostuser(java.lang.String,java.lang.String,java.lang.String,java.lang.String,java.lang.String,java.lang.String,java.lang.String)[pri:1, instance:api.test.DDTests@140c9f39]" started-at="2023-07-20T12:36:21 IST" name="testPostuser" data-provider="Data" finished-at="2023-07-20T12:36:26 IST" duration-ms="4537" status="PASS">
          <params>
            <param index="0">
              <value>
                <![CDATA[1010]]>
              </value>
            </param>
            <param index="1">
              <value>
                <![CDATA[testuser1]]>
              </value>
            </param>
            <param index="2">
              <value>
                <![CDATA[John]]>
              </value>
            </param>
            <param index="3">
              <value>
                <![CDATA[Canedy]]>
              </value>
            </param>
            <param index="4">
              <value>
                <![CDATA[a@gmail.com]]>
              </value>
            </param>
            <param index="5">
              <value>
                <![CDATA[test@1]]>
              </value>
            </param>
            <param index="6">
              <value>
                <![CDATA[1234567897]]>
              </value>
            </param>
          </params>
          <reporter-output>
          </reporter-output>
        </test-method> <!-- testPostuser -->
        <test-method signature="testPostuser(java.lang.String,java.lang.String,java.lang.String,java.lang.String,java.lang.String,java.lang.String,java.lang.String)[pri:1, instance:api.test.DDTests@140c9f39]" started-at="2023-07-20T12:36:26 IST" name="testPostuser" data-provider="Data" finished-at="2023-07-20T12:36:27 IST" duration-ms="1268" status="PASS">
          <params>
            <param index="0">
              <value>
                <![CDATA[1020]]>
              </value>
            </param>
            <param index="1">
              <value>
                <![CDATA[testuser2]]>
              </value>
            </param>
            <param index="2">
              <value>
                <![CDATA[Kim]]>
              </value>
            </param>
            <param index="3">
              <value>
                <![CDATA[Kom]]>
              </value>
            </param>
            <param index="4">
              <value>
                <![CDATA[b@gmail.com]]>
              </value>
            </param>
            <param index="5">
              <value>
                <![CDATA[test@2]]>
              </value>
            </param>
            <param index="6">
              <value>
                <![CDATA[1234567897]]>
              </value>
            </param>
          </params>
          <reporter-output>
          </reporter-output>
        </test-method> <!-- testPostuser -->
        <test-method signature="testPostuser(java.lang.String,java.lang.String,java.lang.String,java.lang.String,java.lang.String,java.lang.String,java.lang.String)[pri:1, instance:api.test.DDTests@140c9f39]" started-at="2023-07-20T12:36:27 IST" name="testPostuser" data-provider="Data" finished-at="2023-07-20T12:36:28 IST" duration-ms="1179" status="PASS">
          <params>
            <param index="0">
              <value>
                <![CDATA[1030]]>
              </value>
            </param>
            <param index="1">
              <value>
                <![CDATA[testuser3]]>
              </value>
            </param>
            <param index="2">
              <value>
                <![CDATA[Smith]]>
              </value>
            </param>
            <param index="3">
              <value>
                <![CDATA[Steve]]>
              </value>
            </param>
            <param index="4">
              <value>
                <![CDATA[c@gmail.com]]>
              </value>
            </param>
            <param index="5">
              <value>
                <![CDATA[test@3]]>
              </value>
            </param>
            <param index="6">
              <value>
                <![CDATA[1234567897]]>
              </value>
            </param>
          </params>
          <reporter-output>
          </reporter-output>
        </test-method> <!-- testPostuser -->
        <test-method signature="testDeleteUserByName(java.lang.String)[pri:2, instance:api.test.DDTests@140c9f39]" started-at="2023-07-20T12:36:28 IST" name="testDeleteUserByName" data-provider="UserNames" finished-at="2023-07-20T12:36:29 IST" duration-ms="1148" status="PASS">
          <params>
            <param index="0">
              <value>
                <![CDATA[testuser1]]>
              </value>
            </param>
          </params>
          <reporter-output>
          </reporter-output>
        </test-method> <!-- testDeleteUserByName -->
        <test-method signature="testDeleteUserByName(java.lang.String)[pri:2, instance:api.test.DDTests@140c9f39]" started-at="2023-07-20T12:36:29 IST" name="testDeleteUserByName" data-provider="UserNames" finished-at="2023-07-20T12:36:31 IST" duration-ms="1173" status="PASS">
          <params>
            <param index="0">
              <value>
                <![CDATA[testuser2]]>
              </value>
            </param>
          </params>
          <reporter-output>
          </reporter-output>
        </test-method> <!-- testDeleteUserByName -->
        <test-method signature="testDeleteUserByName(java.lang.String)[pri:2, instance:api.test.DDTests@140c9f39]" started-at="2023-07-20T12:36:31 IST" name="testDeleteUserByName" data-provider="UserNames" finished-at="2023-07-20T12:36:32 IST" duration-ms="1201" status="PASS">
          <params>
            <param index="0">
              <value>
                <![CDATA[testuser3]]>
              </value>
            </param>
          </params>
          <reporter-output>
          </reporter-output>
        </test-method> <!-- testDeleteUserByName -->
      </class> <!-- api.test.DDTests -->
    </test> <!-- Surefire test -->
  </suite> <!-- Surefire suite -->
</testng-results>
